{
  "RSpec": {
    "coverage": {
      "/Users/patrickoliver/Projects/Makers_Course/Group Projects/BnB/MakersBnB/spec/features/adding_users_spec.rb": {
        "lines": [
          1,
          1,
          1,
          1,
          1,
          1,
          1,
          null,
          null
        ]
      },
      "/Users/patrickoliver/Projects/Makers_Course/Group Projects/BnB/MakersBnB/spec/features/testing_infrastructure_spec.rb": {
        "lines": [
          1,
          1,
          1,
          1,
          null,
          null
        ]
      },
      "/Users/patrickoliver/Projects/Makers_Course/Group Projects/BnB/MakersBnB/spec/user_spec.rb": {
        "lines": [
          1,
          null,
          1,
          null,
          1,
          null,
          1,
          1,
          1,
          null,
          null,
          1,
          1,
          1,
          null,
          null,
          1,
          1,
          1,
          null,
          null,
          null,
          null
        ]
      },
      "/Users/patrickoliver/Projects/Makers_Course/Group Projects/BnB/MakersBnB/lib/user.rb": {
        "lines": [
          1,
          1,
          null,
          1,
          null,
          1,
          null,
          1,
          4,
          4,
          4,
          4,
          null,
          null,
          1,
          null,
          null,
          null,
          null,
          null,
          4,
          4,
          null,
          null,
          null
        ]
      }
    },
    "timestamp": 1585049030
  }
}
