{
  "RSpec": {
    "coverage": {
      "/Users/isabelleben/Projects/teamProjects/MakersBnB/spec/features/adding_users_spec.rb": {
        "lines": [
          1,
          1,
          1,
          1,
          0,
          null,
          null
        ]
      },
      "/Users/isabelleben/Projects/teamProjects/MakersBnB/spec/features/testing_infrastructure_spec.rb": {
        "lines": [
          1,
          1,
          1,
          1,
          null,
          null
        ]
      },
      "/Users/isabelleben/Projects/teamProjects/MakersBnB/spec/user_spec.rb": {
        "lines": [
          1,
          null,
          1,
          null,
          1,
          null,
          1,
          1,
          1,
          null,
          null,
          1,
          1,
          1,
          null,
          null,
          1,
          1,
          1,
          null,
          null,
          null,
          null
        ]
      },
      "/Users/isabelleben/Projects/teamProjects/MakersBnB/lib/user.rb": {
        "lines": [
          1,
          1,
          null,
          1,
          null,
          1,
          null,
          1,
          3,
          3,
          3,
          3,
          null,
          null,
          1,
          3,
          3,
          null,
          0,
          null,
          3,
          3,
          null,
          null,
          null,
          null
        ]
      },
      "/Users/isabelleben/Projects/teamProjects/MakersBnB/lib/database_helpers.rb": {
        "lines": [
          null,
          null,
          null,
          null,
          null,
          null,
          null
        ]
      }
    },
    "timestamp": 1585042243
  }
}
